app/build/outputs/logs/manifest-merger-debug-report.txt
-- Merging decision tree log ---
manifest
ADDED from src/main/AndroidManifest.xml:2:1-112:12
	package
		ADDED from src/main/AndroidManifest.xml:3:2-28
		INJECTED from src/main/AndroidManifest.xml
		INJECTED from src/main/AndroidManifest.xml
	android:versionName
		ADDED from src/main/AndroidManifest.xml:5:2-39
		INJECTED from src/main/AndroidManifest.xml
		INJECTED from src/main/AndroidManifest.xml
	android:versionCode
		ADDED from src/main/AndroidManifest.xml:4:2-26
		INJECTED from src/main/AndroidManifest.xml
		INJECTED from src/main/AndroidManifest.xml
	xmlns:android
		ADDED from src/main/AndroidManifest.xml:2:11-69
	android:installLocation
		ADDED from src/main/AndroidManifest.xml:6:2-32
uses-permission#android.permission.WRITE_EXTERNAL_STORAGE
ADDED from src/main/AndroidManifest.xml:7:2-78
	android:name
		ADDED from src/main/AndroidManifest.xml:7:19-75
uses-permission#android.permission.INTERNET
ADDED from src/main/AndroidManifest.xml:8:2-64
	android:name
		ADDED from src/main/AndroidManifest.xml:8:19-61
supports-screens
ADDED from src/main/AndroidManifest.xml:9:2-13:31
	android:largeScreens
		ADDED from src/main/AndroidManifest.xml:12:3-30
	android:smallScreens
		ADDED from src/main/AndroidManifest.xml:10:3-30
	android:normalScreens
		ADDED from src/main/AndroidManifest.xml:11:3-31
	android:anyDensity
		ADDED from src/main/AndroidManifest.xml:13:3-28
uses-sdk
ADDED from src/main/AndroidManifest.xml:14:2-69
MERGED from [com.android.support:appcompat-v7:25.0.1] AndroidManifest.xml:21:5-23:78
MERGED from [com.android.support:support-v4:25.0.1] AndroidManifest.xml:21:5-23:54
MERGED from [com.android.support:support-compat:25.0.1] AndroidManifest.xml:21:5-23:58
MERGED from [com.android.support:support-media-compat:25.0.1] AndroidManifest.xml:21:5-23:63
MERGED from [com.android.support:support-core-utils:25.0.1] AndroidManifest.xml:21:5-23:61
MERGED from [com.android.support:support-core-ui:25.0.1] AndroidManifest.xml:21:5-23:58
MERGED from [com.android.support:support-fragment:25.0.1] AndroidManifest.xml:21:5-23:60
MERGED from [com.android.support:support-vector-drawable:25.0.1] AndroidManifest.xml:21:5-43
MERGED from [com.android.support:animated-vector-drawable:25.0.1] AndroidManifest.xml:20:5-44
	tools:overrideLibrary
		ADDED from [com.android.support:appcompat-v7:25.0.1] AndroidManifest.xml:23:9-75
	android:targetSdkVersion
		ADDED from src/main/AndroidManifest.xml:14:38-67
		INJECTED from src/main/AndroidManifest.xml
		INJECTED from src/main/AndroidManifest.xml
	android:minSdkVersion
		ADDED from src/main/AndroidManifest.xml:14:12-37
		INJECTED from src/main/AndroidManifest.xml
		INJECTED from src/main/AndroidManifest.xml
application
ADDED from src/main/AndroidManifest.xml:15:2-111:16
MERGED from [com.android.support:appcompat-v7:25.0.1] AndroidManifest.xml:25:5-20
MERGED from [com.android.support:support-v4:25.0.1] AndroidManifest.xml:25:5-20
MERGED from [com.android.support:support-compat:25.0.1] AndroidManifest.xml:25:5-20
MERGED from [com.android.support:support-media-compat:25.0.1] AndroidManifest.xml:25:5-20
MERGED from [com.android.support:support-core-utils:25.0.1] AndroidManifest.xml:25:5-20
MERGED from [com.android.support:support-core-ui:25.0.1] AndroidManifest.xml:25:5-20
MERGED from [com.android.support:support-fragment:25.0.1] AndroidManifest.xml:25:5-20
MERGED from [com.android.support:support-vector-drawable:25.0.1] AndroidManifest.xml:23:5-20
MERGED from [com.android.support:animated-vector-drawable:25.0.1] AndroidManifest.xml:22:5-20
	android:label
		ADDED from src/main/AndroidManifest.xml:16:3-35
	android:supportsRtl
		ADDED from src/main/AndroidManifest.xml:20:3-29
	android:hardwareAccelerated
		ADDED from src/main/AndroidManifest.xml:18:3-37
	android:allowBackup
		ADDED from src/main/AndroidManifest.xml:19:3-29
	android:icon
		ADDED from src/main/AndroidManifest.xml:17:3-32
	android:theme
		ADDED from src/main/AndroidManifest.xml:21:3-38
activity#com.example.main.MainActivity
ADDED from src/main/AndroidManifest.xml:22:3-29:14
	android:label
		ADDED from src/main/AndroidManifest.xml:24:4-25
	android:name
		ADDED from src/main/AndroidManifest.xml:23:4-48
intent-filter#android.intent.action.MAIN+android.intent.category.LAUNCHER
ADDED from src/main/AndroidManifest.xml:25:4-28:20
action#android.intent.action.MAIN
ADDED from src/main/AndroidManifest.xml:26:5-56
	android:name
		ADDED from src/main/AndroidManifest.xml:26:13-54
category#android.intent.category.LAUNCHER
ADDED from src/main/AndroidManifest.xml:27:5-64
	android:name
		ADDED from src/main/AndroidManifest.xml:27:15-62
activity#com.artifex.mupdfdemo.ChoosePDFActivity
ADDED from src/main/AndroidManifest.xml:30:3-38:14
	android:label
		ADDED from src/main/AndroidManifest.xml:33:4-36
	android:theme
		ADDED from src/main/AndroidManifest.xml:32:4-46
	android:name
		ADDED from src/main/AndroidManifest.xml:31:4-58
activity#com.artifex.mupdfdemo.MuPDFActivity
ADDED from src/main/AndroidManifest.xml:39:3-100:14
	android:label
		ADDED from src/main/AndroidManifest.xml:42:4-36
	android:theme
		ADDED from src/main/AndroidManifest.xml:41:4-39
	android:name
		ADDED from src/main/AndroidManifest.xml:40:4-54
activity#com.artifex.mupdfdemo.OutlineActivity
ADDED from src/main/AndroidManifest.xml:101:3-105:14
	android:label
		ADDED from src/main/AndroidManifest.xml:104:4-41
	android:theme
		ADDED from src/main/AndroidManifest.xml:103:4-68
	android:name
		ADDED from src/main/AndroidManifest.xml:102:4-56
activity#com.artifex.mupdfdemo.PrintDialogActivity
ADDED from src/main/AndroidManifest.xml:106:3-110:14
	android:label
		ADDED from src/main/AndroidManifest.xml:109:4-33
	android:theme
		ADDED from src/main/AndroidManifest.xml:108:4-68
	android:name
		ADDED from src/main/AndroidManifest.xml:107:4-60